<?xml version="1.0" encoding="UTF-8"?>
<!-- Generated by org.testng.reporters.JUnitReportReporter -->
<testsuite hostname="Kajal" failures="0" tests="5" name="parallel.ParallelRun" time="120.748" errors="0" timestamp="05 Nov 2024 10:30:16 GMT" skipped="0">
  <testcase classname="parallel.ParallelRun" name="runScenario" time="12.426"/>
  <testcase classname="parallel.ParallelRun" name="runScenario" time="34.139"/>
  <testcase classname="parallel.ParallelRun" name="runScenario" time="27.777"/>
  <testcase classname="parallel.ParallelRun" name="runScenario" time="34.607"/>
  <testcase classname="parallel.ParallelRun" name="runScenario" time="11.799"/>
</testsuite> <!-- parallel.ParallelRun -->
